<?xml version="1.0" encoding="UTF-8"?>
<!-- Generated by org.testng.reporters.JUnitXMLReporter -->
<testsuite hostname="SY4-FJZ7Y52" ignored="0" name="Test" tests="3" failures="0" timestamp="12 Aug 2019 17:35:44 GMT" time="22.535" errors="0">
  <testcase name="imageValidation" time="0.16" classname="com.crm.qa.test.ValidateHomePage"/>
  <testcase name="pageValidation" time="0.012" classname="com.crm.qa.test.ValidateHomePage"/>
  <testcase name="validateHomePage" time="8.338" classname="com.crm.qa.test.ValidateHomePage"/>
</testsuite> <!-- Test -->
