<?xml version="1.0" encoding="UTF-8"?>
<testng-results skipped="0" failed="1" ignored="0" total="3" passed="2">
  <reporter-output>
  </reporter-output>
  <suite name="Default suite" duration-ms="54724" started-at="2019-08-13T20:39:54Z" finished-at="2019-08-13T20:40:49Z">
    <groups>
    </groups>
    <test name="Default test" duration-ms="54724" started-at="2019-08-13T20:39:54Z" finished-at="2019-08-13T20:40:49Z">
      <class name="com.crm.qa.test.ClickonNewContactsTest">
        <test-method status="PASS" signature="intializeBrowser()[pri:0, instance:com.crm.qa.test.ClickonNewContactsTest@3c0ecd4b]" name="intializeBrowser" is-config="true" duration-ms="15848" started-at="2019-08-13T20:39:55Z" finished-at="2019-08-13T20:40:11Z">
          <reporter-output>
          </reporter-output>
        </test-method> <!-- intializeBrowser -->
        <test-method status="PASS" signature="verifyCreateContacts(java.lang.String, java.lang.String, java.lang.String)[pri:0, instance:com.crm.qa.test.ClickonNewContactsTest@3c0ecd4b]" name="verifyCreateContacts" duration-ms="1950" started-at="2019-08-13T20:40:11Z" data-provider="getTestData" finished-at="2019-08-13T20:40:13Z">
          <params>
            <param index="0">
              <value>
                <![CDATA[Mr.]]>
              </value>
            </param>
            <param index="1">
              <value>
                <![CDATA[Khoushiks]]>
              </value>
            </param>
            <param index="2">
              <value>
                <![CDATA[Reddy]]>
              </value>
            </param>
          </params>
          <reporter-output>
          </reporter-output>
        </test-method> <!-- verifyCreateContacts -->
        <test-method status="PASS" signature="tearDown()[pri:0, instance:com.crm.qa.test.ClickonNewContactsTest@3c0ecd4b]" name="tearDown" is-config="true" duration-ms="1222" started-at="2019-08-13T20:40:13Z" finished-at="2019-08-13T20:40:14Z">
          <reporter-output>
          </reporter-output>
        </test-method> <!-- tearDown -->
        <test-method status="PASS" signature="intializeBrowser()[pri:0, instance:com.crm.qa.test.ClickonNewContactsTest@3c0ecd4b]" name="intializeBrowser" is-config="true" duration-ms="16255" started-at="2019-08-13T20:40:14Z" finished-at="2019-08-13T20:40:30Z">
          <reporter-output>
          </reporter-output>
        </test-method> <!-- intializeBrowser -->
        <test-method status="PASS" signature="verifyCreateContacts(java.lang.String, java.lang.String, java.lang.String)[pri:0, instance:com.crm.qa.test.ClickonNewContactsTest@3c0ecd4b]" name="verifyCreateContacts" duration-ms="2359" started-at="2019-08-13T20:40:30Z" data-provider="getTestData" finished-at="2019-08-13T20:40:33Z">
          <params>
            <param index="0">
              <value>
                <![CDATA[Mrs.]]>
              </value>
            </param>
            <param index="1">
              <value>
                <![CDATA[Eswari]]>
              </value>
            </param>
            <param index="2">
              <value>
                <![CDATA[Reddy]]>
              </value>
            </param>
          </params>
          <reporter-output>
          </reporter-output>
        </test-method> <!-- verifyCreateContacts -->
        <test-method status="PASS" signature="tearDown()[pri:0, instance:com.crm.qa.test.ClickonNewContactsTest@3c0ecd4b]" name="tearDown" is-config="true" duration-ms="955" started-at="2019-08-13T20:40:33Z" finished-at="2019-08-13T20:40:34Z">
          <reporter-output>
          </reporter-output>
        </test-method> <!-- tearDown -->
        <test-method status="PASS" signature="intializeBrowser()[pri:0, instance:com.crm.qa.test.ClickonNewContactsTest@3c0ecd4b]" name="intializeBrowser" is-config="true" duration-ms="14368" started-at="2019-08-13T20:40:34Z" finished-at="2019-08-13T20:40:48Z">
          <reporter-output>
          </reporter-output>
        </test-method> <!-- intializeBrowser -->
        <test-method status="FAIL" signature="verifyCreateContacts(java.lang.String, java.lang.String, java.lang.String)[pri:0, instance:com.crm.qa.test.ClickonNewContactsTest@3c0ecd4b]" name="verifyCreateContacts" duration-ms="52" started-at="2019-08-13T20:40:48Z" data-provider="getTestData" finished-at="2019-08-13T20:40:48Z">
          <params>
            <param index="0">
              <value is-null="true"/>
            </param>
            <param index="1">
              <value is-null="true"/>
            </param>
            <param index="2">
              <value is-null="true"/>
            </param>
          </params>
          <exception class="java.lang.NullPointerException">
            <full-stacktrace>
              <![CDATA[java.lang.NullPointerException
at org.openqa.selenium.support.ui.Quotes.escape(Quotes.java:42)
at org.openqa.selenium.support.ui.Select.selectByVisibleText(Select.java:113)
at com.crm.qa.pageobjects.ContractsPage.createNewContact(ContractsPage.java:27)
at com.crm.qa.test.ClickonNewContactsTest.verifyCreateContacts(ClickonNewContactsTest.java:31)
at sun.reflect.NativeMethodAccessorImpl.invoke0(Native Method)
at sun.reflect.NativeMethodAccessorImpl.invoke(NativeMethodAccessorImpl.java:62)
at sun.reflect.DelegatingMethodAccessorImpl.invoke(DelegatingMethodAccessorImpl.java:43)
at java.lang.reflect.Method.invoke(Method.java:498)
at org.testng.internal.MethodInvocationHelper.invokeMethod(MethodInvocationHelper.java:124)
at org.testng.internal.Invoker.invokeMethod(Invoker.java:583)
at org.testng.internal.Invoker.invokeTestMethod(Invoker.java:719)
at org.testng.internal.Invoker.invokeTestMethods(Invoker.java:989)
at org.testng.internal.TestMethodWorker.invokeTestMethods(TestMethodWorker.java:125)
at org.testng.internal.TestMethodWorker.run(TestMethodWorker.java:109)
at org.testng.TestRunner.privateRun(TestRunner.java:648)
at org.testng.TestRunner.run(TestRunner.java:505)
at org.testng.SuiteRunner.runTest(SuiteRunner.java:455)
at org.testng.SuiteRunner.runSequentially(SuiteRunner.java:450)
at org.testng.SuiteRunner.privateRun(SuiteRunner.java:415)
at org.testng.SuiteRunner.run(SuiteRunner.java:364)
at org.testng.SuiteRunnerWorker.runSuite(SuiteRunnerWorker.java:52)
at org.testng.SuiteRunnerWorker.run(SuiteRunnerWorker.java:84)
at org.testng.TestNG.runSuitesSequentially(TestNG.java:1208)
at org.testng.TestNG.runSuitesLocally(TestNG.java:1137)
at org.testng.TestNG.runSuites(TestNG.java:1049)
at org.testng.TestNG.run(TestNG.java:1017)
at org.testng.remote.AbstractRemoteTestNG.run(AbstractRemoteTestNG.java:115)
at org.testng.remote.RemoteTestNG.initAndRun(RemoteTestNG.java:251)
at org.testng.remote.RemoteTestNG.main(RemoteTestNG.java:77)
]]>
            </full-stacktrace>
          </exception> <!-- java.lang.NullPointerException -->
          <reporter-output>
          </reporter-output>
        </test-method> <!-- verifyCreateContacts -->
        <test-method status="PASS" signature="tearDown()[pri:0, instance:com.crm.qa.test.ClickonNewContactsTest@3c0ecd4b]" name="tearDown" is-config="true" duration-ms="938" started-at="2019-08-13T20:40:48Z" finished-at="2019-08-13T20:40:49Z">
          <reporter-output>
          </reporter-output>
        </test-method> <!-- tearDown -->
      </class> <!-- com.crm.qa.test.ClickonNewContactsTest -->
    </test> <!-- Default test -->
  </suite> <!-- Default suite -->
</testng-results>
